<?xml version="1.0" encoding="UTF-8"?>
<!-- Generated by org.testng.reporters.JUnitReportReporter -->
<testsuite hostname="APH10187" failures="0" tests="1" name="com.solera.ebay.testcases.HomePageTest" time="18.914" errors="0" timestamp="2023-06-24T14:56:43 IST" skipped="0">
  <testcase classname="com.solera.ebay.testcases.HomePageTest" name="searchBar" time="18.914"/>
</testsuite> <!-- com.solera.ebay.testcases.HomePageTest -->
