<?xml version="1.0" encoding="UTF-8"?>
<!-- Generated by org.testng.reporters.JUnitReportReporter -->
<testsuite hostname="LAPTOP-2NPMUT9Q" failures="0" tests="1" name="com.amdocs.ebay.testcases.LoginPageTest" time="48.449" errors="0" timestamp="2023-07-24T18:22:58 IST" skipped="0">
  <testcase classname="com.amdocs.ebay.testcases.LoginPageTest" name="loginTest" time="48.449"/>
</testsuite> <!-- com.amdocs.ebay.testcases.LoginPageTest -->
