<?xml version="1.0" encoding="UTF-8"?>
<!-- Generated by org.testng.reporters.JUnitReportReporter -->
<testsuite hostname="APH10187" failures="0" tests="1" name="com.solera.ebay.testcases.SearchProductTest" time="5.869" errors="0" timestamp="2023-06-25T16:45:14 IST" skipped="0">
  <testcase classname="com.solera.ebay.testcases.SearchProductTest" name="searchBar" time="5.869"/>
</testsuite> <!-- com.solera.ebay.testcases.SearchProductTest -->
