<?xml version="1.0" encoding="UTF-8"?>
<!-- Generated by org.testng.reporters.JUnitReportReporter -->
<testsuite hostname="LAPTOP-2NPMUT9Q" failures="0" tests="2" name="com.amdocs.ebay.testcases.IndexPageTest" time="18.454" errors="0" timestamp="2023-07-24T18:21:47 IST" skipped="0">
  <testcase classname="com.amdocs.ebay.testcases.IndexPageTest" name="validateLogo" time="8.351"/>
  <testcase classname="com.amdocs.ebay.testcases.IndexPageTest" name="verifyTitle" time="10.103"/>
</testsuite> <!-- com.amdocs.ebay.testcases.IndexPageTest -->
