<?xml version="1.0" encoding="UTF-8"?>
<!-- Generated by org.testng.reporters.JUnitReportReporter -->
<testsuite hostname="LAPTOP-2NPMUT9Q" failures="0" tests="1" name="com.amdocs.ebay.testcases.HomePageTest" time="14.982" errors="0" timestamp="2023-07-24T18:20:01 IST" skipped="0">
  <testcase classname="com.amdocs.ebay.testcases.HomePageTest" name="searchBar" time="14.982"/>
</testsuite> <!-- com.amdocs.ebay.testcases.HomePageTest -->
