<?xml version="1.0" encoding="UTF-8"?>
<!-- Generated by org.testng.reporters.JUnitReportReporter -->
<testsuite hostname="APH10187" failures="0" tests="2" name="com.solera.ebay.testcases.IndexPageTest" time="17.029" errors="0" timestamp="2023-06-23T21:47:22 IST" skipped="0">
  <testcase classname="com.solera.ebay.testcases.IndexPageTest" name="verifyTitle" time="9.167"/>
  <testcase classname="com.solera.ebay.testcases.IndexPageTest" name="validateLogo" time="7.862"/>
</testsuite> <!-- com.solera.ebay.testcases.IndexPageTest -->
