<?xml version="1.0" encoding="UTF-8"?>
<!-- Generated by org.testng.reporters.JUnitReportReporter -->
<testsuite hostname="APH10187" failures="0" tests="1" name="com.solera.ebay.testcases.AddToCartTest" time="10.612" errors="0" timestamp="2023-06-25T18:18:13 IST" skipped="0">
  <testcase classname="com.solera.ebay.testcases.AddToCartTest" name="addToCartTest" time="10.612"/>
</testsuite> <!-- com.solera.ebay.testcases.AddToCartTest -->
