<?xml version="1.0" encoding="UTF-8"?>
<!-- Generated by org.testng.reporters.JUnitReportReporter -->
<testsuite hostname="APH10187" failures="0" tests="1" name="com.solera.ebay.testcases.SignUpTest" time="32.710" errors="0" timestamp="2023-06-24T13:13:50 IST" skipped="0">
  <testcase classname="com.solera.ebay.testcases.SignUpTest" name="signUpSetUp" time="32.710"/>
</testsuite> <!-- com.solera.ebay.testcases.SignUpTest -->
